____________________
res=0
p[]: 3 
Case #1: 3
____________________
res=0
p[]: 1 1 2 2 
Case #2: 2
____________________
res=0
p[]: 4 
res=1
p[]: 2 2 
____________________
res=1
p[]: 2 2 
Case #3: 3
____________________
res=0
p[]: 1 2 4 7 
res=1
p[]: 1 2 4 3 4 
____________________
res=1
p[]: 1 2 3 4 4 
res=2
p[]: 1 2 3 4 2 2 
____________________
res=2
p[]: 1 2 2 2 3 4 
res=3
p[]: 1 2 2 2 3 2 2 
____________________
res=3
p[]: 1 2 2 2 2 2 3 
Case #4: 6
____________________
res=0
p[]: 4 5 6 8 
res=1
p[]: 4 5 6 4 4 
____________________
res=1
p[]: 4 4 4 5 6 
res=2
p[]: 4 4 4 5 3 3 
____________________
res=2
p[]: 3 3 4 4 4 5 
res=3
p[]: 3 3 4 4 4 2 3 
____________________
res=3
p[]: 2 3 3 3 4 4 4 
res=4
p[]: 2 3 3 3 4 4 2 2 
____________________
res=4
p[]: 2 2 2 3 3 3 4 4 
res=5
p[]: 2 2 2 3 3 3 4 2 2 
____________________
res=5
p[]: 2 2 2 2 2 3 3 3 4 
res=6
p[]: 2 2 2 2 2 3 3 3 2 2 
____________________
res=6
p[]: 2 2 2 2 2 2 2 3 3 3 
Case #5: 9
____________________
res=0
p[]: 1 2 3 4 4 
res=1
p[]: 1 2 3 4 2 2 
____________________
res=1
p[]: 1 2 2 2 3 4 
res=2
p[]: 1 2 2 2 3 2 2 
____________________
res=2
p[]: 1 2 2 2 2 2 3 
Case #6: 5
____________________
res=0
p[]: 1 5 9 
res=1
p[]: 1 5 4 5 
____________________
res=1
p[]: 1 4 5 5 
res=2
p[]: 1 4 5 2 3 
____________________
res=2
p[]: 1 2 3 4 5 
res=3
p[]: 1 2 3 4 2 3 
____________________
res=3
p[]: 1 2 2 3 3 4 
res=4
p[]: 1 2 2 3 3 2 2 
____________________
res=4
p[]: 1 2 2 2 2 3 3 
Case #7: 7
____________________
res=0
p[]: 1 3 9 9 9 
res=1
p[]: 1 3 9 9 4 5 
____________________
res=1
p[]: 1 3 4 5 9 9 
res=2
p[]: 1 3 4 5 9 4 5 
____________________
res=2
p[]: 1 3 4 4 5 5 9 
res=3
p[]: 1 3 4 4 5 5 4 5 
____________________
res=3
p[]: 1 3 4 4 4 5 5 5 
res=4
p[]: 1 3 4 4 4 5 5 2 3 
____________________
res=4
p[]: 1 2 3 3 4 4 4 5 5 
res=5
p[]: 1 2 3 3 4 4 4 5 2 3 
____________________
res=5
p[]: 1 2 2 3 3 3 4 4 4 5 
res=6
p[]: 1 2 2 3 3 3 4 4 4 2 3 
____________________
res=6
p[]: 1 2 2 2 3 3 3 3 4 4 4 
res=7
p[]: 1 2 2 2 3 3 3 3 4 4 2 2 
____________________
res=7
p[]: 1 2 2 2 2 2 3 3 3 3 4 4 
res=8
p[]: 1 2 2 2 2 2 3 3 3 3 4 2 2 
____________________
res=8
p[]: 1 2 2 2 2 2 2 2 3 3 3 3 4 
res=9
p[]: 1 2 2 2 2 2 2 2 3 3 3 3 2 2 
____________________
res=9
p[]: 1 2 2 2 2 2 2 2 2 2 3 3 3 3 
Case #8: 12
____________________
res=0
p[]: 4 6 6 
res=1
p[]: 4 6 3 3 
____________________
res=1
p[]: 3 3 4 6 
res=2
p[]: 3 3 4 3 3 
____________________
res=2
p[]: 3 3 3 3 4 
res=3
p[]: 3 3 3 3 2 2 
____________________
res=3
p[]: 2 2 3 3 3 3 
Case #9: 6
____________________
res=0
p[]: 2 4 5 
res=1
p[]: 2 4 2 3 
____________________
res=1
p[]: 2 2 3 4 
res=2
p[]: 2 2 3 2 2 
____________________
res=2
p[]: 2 2 2 2 3 
Case #10: 5
____________________
res=0
p[]: 1 1 2 3 3 
Case #11: 3
____________________
res=0
p[]: 8 8 
res=1
p[]: 8 4 4 
____________________
res=1
p[]: 4 4 8 
res=2
p[]: 4 4 4 4 
____________________
res=2
p[]: 4 4 4 4 
res=3
p[]: 4 4 4 2 2 
____________________
res=3
p[]: 2 2 4 4 4 
res=4
p[]: 2 2 4 4 2 2 
____________________
res=4
p[]: 2 2 2 2 4 4 
res=5
p[]: 2 2 2 2 4 2 2 
____________________
res=5
p[]: 2 2 2 2 2 2 4 
res=6
p[]: 2 2 2 2 2 2 2 2 
____________________
res=6
p[]: 2 2 2 2 2 2 2 2 
Case #12: 8
____________________
res=0
p[]: 2 5 5 
res=1
p[]: 2 5 2 3 
____________________
res=1
p[]: 2 2 3 5 
res=2
p[]: 2 2 3 2 3 
____________________
res=2
p[]: 2 2 2 3 3 
Case #13: 5
____________________
res=0
p[]: 2 4 4 
res=1
p[]: 2 4 2 2 
____________________
res=1
p[]: 2 2 2 4 
res=2
p[]: 2 2 2 2 2 
____________________
res=2
p[]: 2 2 2 2 2 
Case #14: 4
____________________
res=0
p[]: 8 9 
res=1
p[]: 8 4 5 
____________________
res=1
p[]: 4 5 8 
res=2
p[]: 4 5 4 4 
____________________
res=2
p[]: 4 4 4 5 
res=3
p[]: 4 4 4 2 3 
____________________
res=3
p[]: 2 3 4 4 4 
res=4
p[]: 2 3 4 4 2 2 
____________________
res=4
p[]: 2 2 2 3 4 4 
res=5
p[]: 2 2 2 3 4 2 2 
____________________
res=5
p[]: 2 2 2 2 2 3 4 
res=6
p[]: 2 2 2 2 2 3 2 2 
____________________
res=6
p[]: 2 2 2 2 2 2 2 3 
Case #15: 9
____________________
res=0
p[]: 4 5 5 8 
res=1
p[]: 4 5 5 4 4 
____________________
res=1
p[]: 4 4 4 5 5 
res=2
p[]: 4 4 4 5 2 3 
____________________
res=2
p[]: 2 3 4 4 4 5 
res=3
p[]: 2 3 4 4 4 2 3 
____________________
res=3
p[]: 2 2 3 3 4 4 4 
res=4
p[]: 2 2 3 3 4 4 2 2 
____________________
res=4
p[]: 2 2 2 2 3 3 4 4 
res=5
p[]: 2 2 2 2 3 3 4 2 2 
____________________
res=5
p[]: 2 2 2 2 2 2 3 3 4 
res=6
p[]: 2 2 2 2 2 2 3 3 2 2 
____________________
res=6
p[]: 2 2 2 2 2 2 2 2 3 3 
Case #16: 9
____________________
res=0
p[]: 4 5 6 
res=1
p[]: 4 5 3 3 
____________________
res=1
p[]: 3 3 4 5 
res=2
p[]: 3 3 4 2 3 
____________________
res=2
p[]: 2 3 3 3 4 
res=3
p[]: 2 3 3 3 2 2 
____________________
res=3
p[]: 2 2 2 3 3 3 
Case #17: 6
____________________
res=0
p[]: 7 7 7 7 7 9 
res=1
p[]: 7 7 7 7 7 4 5 
____________________
res=1
p[]: 4 5 7 7 7 7 7 
res=2
p[]: 4 5 7 7 7 7 3 4 
____________________
res=2
p[]: 3 4 4 5 7 7 7 7 
res=3
p[]: 3 4 4 5 7 7 7 3 4 
____________________
res=3
p[]: 3 3 4 4 4 5 7 7 7 
res=4
p[]: 3 3 4 4 4 5 7 7 3 4 
____________________
res=4
p[]: 3 3 3 4 4 4 4 5 7 7 
res=5
p[]: 3 3 3 4 4 4 4 5 7 3 4 
____________________
res=5
p[]: 3 3 3 3 4 4 4 4 4 5 7 
res=6
p[]: 3 3 3 3 4 4 4 4 4 5 3 4 
____________________
res=6
p[]: 3 3 3 3 3 4 4 4 4 4 4 5 
res=7
p[]: 3 3 3 3 3 4 4 4 4 4 4 2 3 
____________________
res=7
p[]: 2 3 3 3 3 3 3 4 4 4 4 4 4 
res=8
p[]: 2 3 3 3 3 3 3 4 4 4 4 4 2 2 
____________________
res=8
p[]: 2 2 2 3 3 3 3 3 3 4 4 4 4 4 
res=9
p[]: 2 2 2 3 3 3 3 3 3 4 4 4 4 2 2 
____________________
res=9
p[]: 2 2 2 2 2 3 3 3 3 3 3 4 4 4 4 
res=10
p[]: 2 2 2 2 2 3 3 3 3 3 3 4 4 4 2 2 
____________________
res=10
p[]: 2 2 2 2 2 2 2 3 3 3 3 3 3 4 4 4 
res=11
p[]: 2 2 2 2 2 2 2 3 3 3 3 3 3 4 4 2 2 
____________________
res=11
p[]: 2 2 2 2 2 2 2 2 2 3 3 3 3 3 3 4 4 
res=12
p[]: 2 2 2 2 2 2 2 2 2 3 3 3 3 3 3 4 2 2 
____________________
res=12
p[]: 2 2 2 2 2 2 2 2 2 2 2 3 3 3 3 3 3 4 
res=13
p[]: 2 2 2 2 2 2 2 2 2 2 2 3 3 3 3 3 3 2 2 
____________________
res=13
p[]: 2 2 2 2 2 2 2 2 2 2 2 2 2 3 3 3 3 3 3 
Case #18: 16
____________________
res=0
p[]: 9 9 
res=1
p[]: 9 4 5 
____________________
res=1
p[]: 4 5 9 
res=2
p[]: 4 5 4 5 
____________________
res=2
p[]: 4 4 5 5 
res=3
p[]: 4 4 5 2 3 
____________________
res=3
p[]: 2 3 4 4 5 
res=4
p[]: 2 3 4 4 2 3 
____________________
res=4
p[]: 2 2 3 3 4 4 
res=5
p[]: 2 2 3 3 4 2 2 
____________________
res=5
p[]: 2 2 2 2 3 3 4 
res=6
p[]: 2 2 2 2 3 3 2 2 
____________________
res=6
p[]: 2 2 2 2 2 2 3 3 
Case #19: 9
____________________
res=0
p[]: 5 5 5 
res=1
p[]: 5 5 2 3 
____________________
res=1
p[]: 2 3 5 5 
res=2
p[]: 2 3 5 2 3 
____________________
res=2
p[]: 2 2 3 3 5 
res=3
p[]: 2 2 3 3 2 3 
____________________
res=3
p[]: 2 2 2 3 3 3 
Case #20: 6
____________________
res=0
p[]: 2 5 7 8 
res=1
p[]: 2 5 7 4 4 
____________________
res=1
p[]: 2 4 4 5 7 
res=2
p[]: 2 4 4 5 3 4 
____________________
res=2
p[]: 2 3 4 4 4 5 
res=3
p[]: 2 3 4 4 4 2 3 
____________________
res=3
p[]: 2 2 3 3 4 4 4 
res=4
p[]: 2 2 3 3 4 4 2 2 
____________________
res=4
p[]: 2 2 2 2 3 3 4 4 
res=5
p[]: 2 2 2 2 3 3 4 2 2 
____________________
res=5
p[]: 2 2 2 2 2 2 3 3 4 
res=6
p[]: 2 2 2 2 2 2 3 3 2 2 
____________________
res=6
p[]: 2 2 2 2 2 2 2 2 3 3 
Case #21: 9
____________________
res=0
p[]: 1 1 1 3 4 
res=1
p[]: 1 1 1 3 2 2 
____________________
res=1
p[]: 1 1 1 2 2 3 
Case #22: 4
____________________
res=0
p[]: 9 9 9 9 9 9 
res=1
p[]: 9 9 9 9 9 4 5 
____________________
res=1
p[]: 4 5 9 9 9 9 9 
res=2
p[]: 4 5 9 9 9 9 4 5 
____________________
res=2
p[]: 4 4 5 5 9 9 9 9 
res=3
p[]: 4 4 5 5 9 9 9 4 5 
____________________
res=3
p[]: 4 4 4 5 5 5 9 9 9 
res=4
p[]: 4 4 4 5 5 5 9 9 4 5 
____________________
res=4
p[]: 4 4 4 4 5 5 5 5 9 9 
res=5
p[]: 4 4 4 4 5 5 5 5 9 4 5 
____________________
res=5
p[]: 4 4 4 4 4 5 5 5 5 5 9 
res=6
p[]: 4 4 4 4 4 5 5 5 5 5 4 5 
____________________
res=6
p[]: 4 4 4 4 4 4 5 5 5 5 5 5 
res=7
p[]: 4 4 4 4 4 4 5 5 5 5 5 2 3 
____________________
res=7
p[]: 2 3 4 4 4 4 4 4 5 5 5 5 5 
res=8
p[]: 2 3 4 4 4 4 4 4 5 5 5 5 2 3 
____________________
res=8
p[]: 2 2 3 3 4 4 4 4 4 4 5 5 5 5 
res=9
p[]: 2 2 3 3 4 4 4 4 4 4 5 5 5 2 3 
____________________
res=9
p[]: 2 2 2 3 3 3 4 4 4 4 4 4 5 5 5 
res=10
p[]: 2 2 2 3 3 3 4 4 4 4 4 4 5 5 2 3 
____________________
res=10
p[]: 2 2 2 2 3 3 3 3 4 4 4 4 4 4 5 5 
res=11
p[]: 2 2 2 2 3 3 3 3 4 4 4 4 4 4 5 2 3 
____________________
res=11
p[]: 2 2 2 2 2 3 3 3 3 3 4 4 4 4 4 4 5 
res=12
p[]: 2 2 2 2 2 3 3 3 3 3 4 4 4 4 4 4 2 3 
____________________
res=12
p[]: 2 2 2 2 2 2 3 3 3 3 3 3 4 4 4 4 4 4 
res=13
p[]: 2 2 2 2 2 2 3 3 3 3 3 3 4 4 4 4 4 2 2 
____________________
res=13
p[]: 2 2 2 2 2 2 2 2 3 3 3 3 3 3 4 4 4 4 4 
res=14
p[]: 2 2 2 2 2 2 2 2 3 3 3 3 3 3 4 4 4 4 2 2 
____________________
res=14
p[]: 2 2 2 2 2 2 2 2 2 2 3 3 3 3 3 3 4 4 4 4 
res=15
p[]: 2 2 2 2 2 2 2 2 2 2 3 3 3 3 3 3 4 4 4 2 2 
____________________
res=15
p[]: 2 2 2 2 2 2 2 2 2 2 2 2 3 3 3 3 3 3 4 4 4 
res=16
p[]: 2 2 2 2 2 2 2 2 2 2 2 2 3 3 3 3 3 3 4 4 2 2 
____________________
res=16
p[]: 2 2 2 2 2 2 2 2 2 2 2 2 2 2 3 3 3 3 3 3 4 4 
res=17
p[]: 2 2 2 2 2 2 2 2 2 2 2 2 2 2 3 3 3 3 3 3 4 2 2 
____________________
res=17
p[]: 2 2 2 2 2 2 2 2 2 2 2 2 2 2 2 2 3 3 3 3 3 3 4 
res=18
p[]: 2 2 2 2 2 2 2 2 2 2 2 2 2 2 2 2 3 3 3 3 3 3 2 2 
____________________
res=18
p[]: 2 2 2 2 2 2 2 2 2 2 2 2 2 2 2 2 2 2 3 3 3 3 3 3 
Case #23: 21
____________________
res=0
p[]: 8 8 8 8 8 
res=1
p[]: 8 8 8 8 4 4 
____________________
res=1
p[]: 4 4 8 8 8 8 
res=2
p[]: 4 4 8 8 8 4 4 
____________________
res=2
p[]: 4 4 4 4 8 8 8 
res=3
p[]: 4 4 4 4 8 8 4 4 
____________________
res=3
p[]: 4 4 4 4 4 4 8 8 
res=4
p[]: 4 4 4 4 4 4 8 4 4 
____________________
res=4
p[]: 4 4 4 4 4 4 4 4 8 
res=5
p[]: 4 4 4 4 4 4 4 4 4 4 
____________________
res=5
p[]: 4 4 4 4 4 4 4 4 4 4 
res=6
p[]: 4 4 4 4 4 4 4 4 4 2 2 
____________________
res=6
p[]: 2 2 4 4 4 4 4 4 4 4 4 
res=7
p[]: 2 2 4 4 4 4 4 4 4 4 2 2 
____________________
res=7
p[]: 2 2 2 2 4 4 4 4 4 4 4 4 
res=8
p[]: 2 2 2 2 4 4 4 4 4 4 4 2 2 
____________________
res=8
p[]: 2 2 2 2 2 2 4 4 4 4 4 4 4 
res=9
p[]: 2 2 2 2 2 2 4 4 4 4 4 4 2 2 
____________________
res=9
p[]: 2 2 2 2 2 2 2 2 4 4 4 4 4 4 
res=10
p[]: 2 2 2 2 2 2 2 2 4 4 4 4 4 2 2 
____________________
res=10
p[]: 2 2 2 2 2 2 2 2 2 2 4 4 4 4 4 
res=11
p[]: 2 2 2 2 2 2 2 2 2 2 4 4 4 4 2 2 
____________________
res=11
p[]: 2 2 2 2 2 2 2 2 2 2 2 2 4 4 4 4 
res=12
p[]: 2 2 2 2 2 2 2 2 2 2 2 2 4 4 4 2 2 
____________________
res=12
p[]: 2 2 2 2 2 2 2 2 2 2 2 2 2 2 4 4 4 
res=13
p[]: 2 2 2 2 2 2 2 2 2 2 2 2 2 2 4 4 2 2 
____________________
res=13
p[]: 2 2 2 2 2 2 2 2 2 2 2 2 2 2 2 2 4 4 
res=14
p[]: 2 2 2 2 2 2 2 2 2 2 2 2 2 2 2 2 4 2 2 
____________________
res=14
p[]: 2 2 2 2 2 2 2 2 2 2 2 2 2 2 2 2 2 2 4 
res=15
p[]: 2 2 2 2 2 2 2 2 2 2 2 2 2 2 2 2 2 2 2 2 
____________________
res=15
p[]: 2 2 2 2 2 2 2 2 2 2 2 2 2 2 2 2 2 2 2 2 
Case #24: 17
____________________
res=0
p[]: 2 4 9 9 
res=1
p[]: 2 4 9 4 5 
____________________
res=1
p[]: 2 4 4 5 9 
res=2
p[]: 2 4 4 5 4 5 
____________________
res=2
p[]: 2 4 4 4 5 5 
res=3
p[]: 2 4 4 4 5 2 3 
____________________
res=3
p[]: 2 2 3 4 4 4 5 
res=4
p[]: 2 2 3 4 4 4 2 3 
____________________
res=4
p[]: 2 2 2 3 3 4 4 4 
res=5
p[]: 2 2 2 3 3 4 4 2 2 
____________________
res=5
p[]: 2 2 2 2 2 3 3 4 4 
res=6
p[]: 2 2 2 2 2 3 3 4 2 2 
____________________
res=6
p[]: 2 2 2 2 2 2 2 3 3 4 
res=7
p[]: 2 2 2 2 2 2 2 3 3 2 2 
____________________
res=7
p[]: 2 2 2 2 2 2 2 2 2 3 3 
Case #25: 10
____________________
res=0
p[]: 1 1 7 7 
res=1
p[]: 1 1 7 3 4 
____________________
res=1
p[]: 1 1 3 4 7 
res=2
p[]: 1 1 3 4 3 4 
____________________
res=2
p[]: 1 1 3 3 4 4 
res=3
p[]: 1 1 3 3 4 2 2 
____________________
res=3
p[]: 1 1 2 2 3 3 4 
res=4
p[]: 1 1 2 2 3 3 2 2 
____________________
res=4
p[]: 1 1 2 2 2 2 3 3 
Case #26: 7
____________________
res=0
p[]: 3 9 9 9 
res=1
p[]: 3 9 9 4 5 
____________________
res=1
p[]: 3 4 5 9 9 
res=2
p[]: 3 4 5 9 4 5 
____________________
res=2
p[]: 3 4 4 5 5 9 
res=3
p[]: 3 4 4 5 5 4 5 
____________________
res=3
p[]: 3 4 4 4 5 5 5 
res=4
p[]: 3 4 4 4 5 5 2 3 
____________________
res=4
p[]: 2 3 3 4 4 4 5 5 
res=5
p[]: 2 3 3 4 4 4 5 2 3 
____________________
res=5
p[]: 2 2 3 3 3 4 4 4 5 
res=6
p[]: 2 2 3 3 3 4 4 4 2 3 
____________________
res=6
p[]: 2 2 2 3 3 3 3 4 4 4 
res=7
p[]: 2 2 2 3 3 3 3 4 4 2 2 
____________________
res=7
p[]: 2 2 2 2 2 3 3 3 3 4 4 
res=8
p[]: 2 2 2 2 2 3 3 3 3 4 2 2 
____________________
res=8
p[]: 2 2 2 2 2 2 2 3 3 3 3 4 
res=9
p[]: 2 2 2 2 2 2 2 3 3 3 3 2 2 
____________________
res=9
p[]: 2 2 2 2 2 2 2 2 2 3 3 3 3 
Case #27: 12
____________________
res=0
p[]: 1 2 
Case #28: 2
____________________
res=0
p[]: 6 6 
res=1
p[]: 6 3 3 
____________________
res=1
p[]: 3 3 6 
res=2
p[]: 3 3 3 3 
____________________
res=2
p[]: 3 3 3 3 
Case #29: 5
____________________
res=0
p[]: 1 6 7 8 
res=1
p[]: 1 6 7 4 4 
____________________
res=1
p[]: 1 4 4 6 7 
res=2
p[]: 1 4 4 6 3 4 
____________________
res=2
p[]: 1 3 4 4 4 6 
res=3
p[]: 1 3 4 4 4 3 3 
____________________
res=3
p[]: 1 3 3 3 4 4 4 
res=4
p[]: 1 3 3 3 4 4 2 2 
____________________
res=4
p[]: 1 2 2 3 3 3 4 4 
res=5
p[]: 1 2 2 3 3 3 4 2 2 
____________________
res=5
p[]: 1 2 2 2 2 3 3 3 4 
res=6
p[]: 1 2 2 2 2 3 3 3 2 2 
____________________
res=6
p[]: 1 2 2 2 2 2 2 3 3 3 
Case #30: 9
____________________
res=0
p[]: 5 9 9 
res=1
p[]: 5 9 4 5 
____________________
res=1
p[]: 4 5 5 9 
res=2
p[]: 4 5 5 4 5 
____________________
res=2
p[]: 4 4 5 5 5 
res=3
p[]: 4 4 5 5 2 3 
____________________
res=3
p[]: 2 3 4 4 5 5 
res=4
p[]: 2 3 4 4 5 2 3 
____________________
res=4
p[]: 2 2 3 3 4 4 5 
res=5
p[]: 2 2 3 3 4 4 2 3 
____________________
res=5
p[]: 2 2 2 3 3 3 4 4 
res=6
p[]: 2 2 2 3 3 3 4 2 2 
____________________
res=6
p[]: 2 2 2 2 2 3 3 3 4 
res=7
p[]: 2 2 2 2 2 3 3 3 2 2 
____________________
res=7
p[]: 2 2 2 2 2 2 2 3 3 3 
Case #31: 10
____________________
res=0
p[]: 9 
res=1
p[]: 4 5 
____________________
res=1
p[]: 4 5 
res=2
p[]: 4 2 3 
____________________
res=2
p[]: 2 3 4 
res=3
p[]: 2 3 2 2 
____________________
res=3
p[]: 2 2 2 3 
Case #32: 6
____________________
res=0
p[]: 2 3 4 
res=1
p[]: 2 3 2 2 
____________________
res=1
p[]: 2 2 2 3 
Case #33: 4
____________________
res=0
p[]: 1 1 6 6 
res=1
p[]: 1 1 6 3 3 
____________________
res=1
p[]: 1 1 3 3 6 
res=2
p[]: 1 1 3 3 3 3 
____________________
res=2
p[]: 1 1 3 3 3 3 
Case #34: 5
____________________
res=0
p[]: 4 8 
res=1
p[]: 4 4 4 
____________________
res=1
p[]: 4 4 4 
res=2
p[]: 4 4 2 2 
____________________
res=2
p[]: 2 2 4 4 
res=3
p[]: 2 2 4 2 2 
____________________
res=3
p[]: 2 2 2 2 4 
res=4
p[]: 2 2 2 2 2 2 
____________________
res=4
p[]: 2 2 2 2 2 2 
Case #35: 6
____________________
res=0
p[]: 5 5 
res=1
p[]: 5 2 3 
____________________
res=1
p[]: 2 3 5 
res=2
p[]: 2 3 2 3 
____________________
res=2
p[]: 2 2 3 3 
Case #36: 5
____________________
res=0
p[]: 7 7 
res=1
p[]: 7 3 4 
____________________
res=1
p[]: 3 4 7 
res=2
p[]: 3 4 3 4 
____________________
res=2
p[]: 3 3 4 4 
res=3
p[]: 3 3 4 2 2 
____________________
res=3
p[]: 2 2 3 3 4 
res=4
p[]: 2 2 3 3 2 2 
____________________
res=4
p[]: 2 2 2 2 3 3 
Case #37: 7
____________________
res=0
p[]: 1 2 2 4 4 
res=1
p[]: 1 2 2 4 2 2 
____________________
res=1
p[]: 1 2 2 2 2 4 
res=2
p[]: 1 2 2 2 2 2 2 
____________________
res=2
p[]: 1 2 2 2 2 2 2 
Case #38: 4
____________________
res=0
p[]: 3 6 6 6 9 9 
res=1
p[]: 3 6 6 6 9 4 5 
____________________
res=1
p[]: 3 4 5 6 6 6 9 
res=2
p[]: 3 4 5 6 6 6 4 5 
____________________
res=2
p[]: 3 4 4 5 5 6 6 6 
res=3
p[]: 3 4 4 5 5 6 6 3 3 
____________________
res=3
p[]: 3 3 3 4 4 5 5 6 6 
res=4
p[]: 3 3 3 4 4 5 5 6 3 3 
____________________
res=4
p[]: 3 3 3 3 3 4 4 5 5 6 
res=5
p[]: 3 3 3 3 3 4 4 5 5 3 3 
____________________
res=5
p[]: 3 3 3 3 3 3 3 4 4 5 5 
res=6
p[]: 3 3 3 3 3 3 3 4 4 5 2 3 
____________________
res=6
p[]: 2 3 3 3 3 3 3 3 3 4 4 5 
res=7
p[]: 2 3 3 3 3 3 3 3 3 4 4 2 3 
____________________
res=7
p[]: 2 2 3 3 3 3 3 3 3 3 3 4 4 
res=8
p[]: 2 2 3 3 3 3 3 3 3 3 3 4 2 2 
____________________
res=8
p[]: 2 2 2 2 3 3 3 3 3 3 3 3 3 4 
res=9
p[]: 2 2 2 2 3 3 3 3 3 3 3 3 3 2 2 
____________________
res=9
p[]: 2 2 2 2 2 2 3 3 3 3 3 3 3 3 3 
Case #39: 12
____________________
res=0
p[]: 8 8 8 
res=1
p[]: 8 8 4 4 
____________________
res=1
p[]: 4 4 8 8 
res=2
p[]: 4 4 8 4 4 
____________________
res=2
p[]: 4 4 4 4 8 
res=3
p[]: 4 4 4 4 4 4 
____________________
res=3
p[]: 4 4 4 4 4 4 
res=4
p[]: 4 4 4 4 4 2 2 
____________________
res=4
p[]: 2 2 4 4 4 4 4 
res=5
p[]: 2 2 4 4 4 4 2 2 
____________________
res=5
p[]: 2 2 2 2 4 4 4 4 
res=6
p[]: 2 2 2 2 4 4 4 2 2 
____________________
res=6
p[]: 2 2 2 2 2 2 4 4 4 
res=7
p[]: 2 2 2 2 2 2 4 4 2 2 
____________________
res=7
p[]: 2 2 2 2 2 2 2 2 4 4 
res=8
p[]: 2 2 2 2 2 2 2 2 4 2 2 
____________________
res=8
p[]: 2 2 2 2 2 2 2 2 2 2 4 
res=9
p[]: 2 2 2 2 2 2 2 2 2 2 2 2 
____________________
res=9
p[]: 2 2 2 2 2 2 2 2 2 2 2 2 
Case #40: 11
____________________
res=0
p[]: 1 2 8 9 
res=1
p[]: 1 2 8 4 5 
____________________
res=1
p[]: 1 2 4 5 8 
res=2
p[]: 1 2 4 5 4 4 
____________________
res=2
p[]: 1 2 4 4 4 5 
res=3
p[]: 1 2 4 4 4 2 3 
____________________
res=3
p[]: 1 2 2 3 4 4 4 
res=4
p[]: 1 2 2 3 4 4 2 2 
____________________
res=4
p[]: 1 2 2 2 2 3 4 4 
res=5
p[]: 1 2 2 2 2 3 4 2 2 
____________________
res=5
p[]: 1 2 2 2 2 2 2 3 4 
res=6
p[]: 1 2 2 2 2 2 2 3 2 2 
____________________
res=6
p[]: 1 2 2 2 2 2 2 2 2 3 
Case #41: 9
____________________
res=0
p[]: 1 2 3 5 
res=1
p[]: 1 2 3 2 3 
____________________
res=1
p[]: 1 2 2 3 3 
Case #42: 4
____________________
res=0
p[]: 9 9 9 
res=1
p[]: 9 9 4 5 
____________________
res=1
p[]: 4 5 9 9 
res=2
p[]: 4 5 9 4 5 
____________________
res=2
p[]: 4 4 5 5 9 
res=3
p[]: 4 4 5 5 4 5 
____________________
res=3
p[]: 4 4 4 5 5 5 
res=4
p[]: 4 4 4 5 5 2 3 
____________________
res=4
p[]: 2 3 4 4 4 5 5 
res=5
p[]: 2 3 4 4 4 5 2 3 
____________________
res=5
p[]: 2 2 3 3 4 4 4 5 
res=6
p[]: 2 2 3 3 4 4 4 2 3 
____________________
res=6
p[]: 2 2 2 3 3 3 4 4 4 
res=7
p[]: 2 2 2 3 3 3 4 4 2 2 
____________________
res=7
p[]: 2 2 2 2 2 3 3 3 4 4 
res=8
p[]: 2 2 2 2 2 3 3 3 4 2 2 
____________________
res=8
p[]: 2 2 2 2 2 2 2 3 3 3 4 
res=9
p[]: 2 2 2 2 2 2 2 3 3 3 2 2 
____________________
res=9
p[]: 2 2 2 2 2 2 2 2 2 3 3 3 
Case #43: 12
____________________
res=0
p[]: 1 2 9 
res=1
p[]: 1 2 4 5 
____________________
res=1
p[]: 1 2 4 5 
res=2
p[]: 1 2 4 2 3 
____________________
res=2
p[]: 1 2 2 3 4 
res=3
p[]: 1 2 2 3 2 2 
____________________
res=3
p[]: 1 2 2 2 2 3 
Case #44: 6
____________________
res=0
p[]: 2 2 4 5 5 
res=1
p[]: 2 2 4 5 2 3 
____________________
res=1
p[]: 2 2 2 3 4 5 
res=2
p[]: 2 2 2 3 4 2 3 
____________________
res=2
p[]: 2 2 2 2 3 3 4 
res=3
p[]: 2 2 2 2 3 3 2 2 
____________________
res=3
p[]: 2 2 2 2 2 2 3 3 
Case #45: 6
____________________
res=0
p[]: 1 1 7 9 
res=1
p[]: 1 1 7 4 5 
____________________
res=1
p[]: 1 1 4 5 7 
res=2
p[]: 1 1 4 5 3 4 
____________________
res=2
p[]: 1 1 3 4 4 5 
res=3
p[]: 1 1 3 4 4 2 3 
____________________
res=3
p[]: 1 1 2 3 3 4 4 
res=4
p[]: 1 1 2 3 3 4 2 2 
____________________
res=4
p[]: 1 1 2 2 2 3 3 4 
res=5
p[]: 1 1 2 2 2 3 3 2 2 
____________________
res=5
p[]: 1 1 2 2 2 2 2 3 3 
Case #46: 8
____________________
res=0
p[]: 4 
res=1
p[]: 2 2 
____________________
res=1
p[]: 2 2 
Case #47: 3
____________________
res=0
p[]: 5 5 5 9 9 9 
res=1
p[]: 5 5 5 9 9 4 5 
____________________
res=1
p[]: 4 5 5 5 5 9 9 
res=2
p[]: 4 5 5 5 5 9 4 5 
____________________
res=2
p[]: 4 4 5 5 5 5 5 9 
res=3
p[]: 4 4 5 5 5 5 5 4 5 
____________________
res=3
p[]: 4 4 4 5 5 5 5 5 5 
res=4
p[]: 4 4 4 5 5 5 5 5 2 3 
____________________
res=4
p[]: 2 3 4 4 4 5 5 5 5 5 
res=5
p[]: 2 3 4 4 4 5 5 5 5 2 3 
____________________
res=5
p[]: 2 2 3 3 4 4 4 5 5 5 5 
res=6
p[]: 2 2 3 3 4 4 4 5 5 5 2 3 
____________________
res=6
p[]: 2 2 2 3 3 3 4 4 4 5 5 5 
res=7
p[]: 2 2 2 3 3 3 4 4 4 5 5 2 3 
____________________
res=7
p[]: 2 2 2 2 3 3 3 3 4 4 4 5 5 
res=8
p[]: 2 2 2 2 3 3 3 3 4 4 4 5 2 3 
____________________
res=8
p[]: 2 2 2 2 2 3 3 3 3 3 4 4 4 5 
res=9
p[]: 2 2 2 2 2 3 3 3 3 3 4 4 4 2 3 
____________________
res=9
p[]: 2 2 2 2 2 2 3 3 3 3 3 3 4 4 4 
res=10
p[]: 2 2 2 2 2 2 3 3 3 3 3 3 4 4 2 2 
____________________
res=10
p[]: 2 2 2 2 2 2 2 2 3 3 3 3 3 3 4 4 
res=11
p[]: 2 2 2 2 2 2 2 2 3 3 3 3 3 3 4 2 2 
____________________
res=11
p[]: 2 2 2 2 2 2 2 2 2 2 3 3 3 3 3 3 4 
res=12
p[]: 2 2 2 2 2 2 2 2 2 2 3 3 3 3 3 3 2 2 
____________________
res=12
p[]: 2 2 2 2 2 2 2 2 2 2 2 2 3 3 3 3 3 3 
Case #48: 15
____________________
res=0
p[]: 4 7 9 
res=1
p[]: 4 7 4 5 
____________________
res=1
p[]: 4 4 5 7 
res=2
p[]: 4 4 5 3 4 
____________________
res=2
p[]: 3 4 4 4 5 
res=3
p[]: 3 4 4 4 2 3 
____________________
res=3
p[]: 2 3 3 4 4 4 
res=4
p[]: 2 3 3 4 4 2 2 
____________________
res=4
p[]: 2 2 2 3 3 4 4 
res=5
p[]: 2 2 2 3 3 4 2 2 
____________________
res=5
p[]: 2 2 2 2 2 3 3 4 
res=6
p[]: 2 2 2 2 2 3 3 2 2 
____________________
res=6
p[]: 2 2 2 2 2 2 2 3 3 
Case #49: 9
____________________
res=0
p[]: 3 6 7 
res=1
p[]: 3 6 3 4 
____________________
res=1
p[]: 3 3 4 6 
res=2
p[]: 3 3 4 3 3 
____________________
res=2
p[]: 3 3 3 3 4 
res=3
p[]: 3 3 3 3 2 2 
____________________
res=3
p[]: 2 2 3 3 3 3 
Case #50: 6
____________________
res=0
p[]: 1 1 3 4 
res=1
p[]: 1 1 3 2 2 
____________________
res=1
p[]: 1 1 2 2 3 
Case #51: 4
____________________
res=0
p[]: 4 4 6 8 8 
res=1
p[]: 4 4 6 8 4 4 
____________________
res=1
p[]: 4 4 4 4 6 8 
res=2
p[]: 4 4 4 4 6 4 4 
____________________
res=2
p[]: 4 4 4 4 4 4 6 
res=3
p[]: 4 4 4 4 4 4 3 3 
____________________
res=3
p[]: 3 3 4 4 4 4 4 4 
res=4
p[]: 3 3 4 4 4 4 4 2 2 
____________________
res=4
p[]: 2 2 3 3 4 4 4 4 4 
res=5
p[]: 2 2 3 3 4 4 4 4 2 2 
____________________
res=5
p[]: 2 2 2 2 3 3 4 4 4 4 
res=6
p[]: 2 2 2 2 3 3 4 4 4 2 2 
____________________
res=6
p[]: 2 2 2 2 2 2 3 3 4 4 4 
res=7
p[]: 2 2 2 2 2 2 3 3 4 4 2 2 
____________________
res=7
p[]: 2 2 2 2 2 2 2 2 3 3 4 4 
res=8
p[]: 2 2 2 2 2 2 2 2 3 3 4 2 2 
____________________
res=8
p[]: 2 2 2 2 2 2 2 2 2 2 3 3 4 
res=9
p[]: 2 2 2 2 2 2 2 2 2 2 3 3 2 2 
____________________
res=9
p[]: 2 2 2 2 2 2 2 2 2 2 2 2 3 3 
Case #52: 12
____________________
res=0
p[]: 4 4 7 
res=1
p[]: 4 4 3 4 
____________________
res=1
p[]: 3 4 4 4 
res=2
p[]: 3 4 4 2 2 
____________________
res=2
p[]: 2 2 3 4 4 
res=3
p[]: 2 2 3 4 2 2 
____________________
res=3
p[]: 2 2 2 2 3 4 
res=4
p[]: 2 2 2 2 3 2 2 
____________________
res=4
p[]: 2 2 2 2 2 2 3 
Case #53: 7
____________________
res=0
p[]: 1 3 5 9 
res=1
p[]: 1 3 5 4 5 
____________________
res=1
p[]: 1 3 4 5 5 
res=2
p[]: 1 3 4 5 2 3 
____________________
res=2
p[]: 1 2 3 3 4 5 
res=3
p[]: 1 2 3 3 4 2 3 
____________________
res=3
p[]: 1 2 2 3 3 3 4 
res=4
p[]: 1 2 2 3 3 3 2 2 
____________________
res=4
p[]: 1 2 2 2 2 3 3 3 
Case #54: 7
____________________
res=0
p[]: 5 6 6 7 
res=1
p[]: 5 6 6 3 4 
____________________
res=1
p[]: 3 4 5 6 6 
res=2
p[]: 3 4 5 6 3 3 
____________________
res=2
p[]: 3 3 3 4 5 6 
res=3
p[]: 3 3 3 4 5 3 3 
____________________
res=3
p[]: 3 3 3 3 3 4 5 
res=4
p[]: 3 3 3 3 3 4 2 3 
____________________
res=4
p[]: 2 3 3 3 3 3 3 4 
res=5
p[]: 2 3 3 3 3 3 3 2 2 
____________________
res=5
p[]: 2 2 2 3 3 3 3 3 3 
Case #55: 8
____________________
res=0
p[]: 6 9 
res=1
p[]: 6 4 5 
____________________
res=1
p[]: 4 5 6 
res=2
p[]: 4 5 3 3 
____________________
res=2
p[]: 3 3 4 5 
res=3
p[]: 3 3 4 2 3 
____________________
res=3
p[]: 2 3 3 3 4 
res=4
p[]: 2 3 3 3 2 2 
____________________
res=4
p[]: 2 2 2 3 3 3 
Case #56: 7
____________________
res=0
p[]: 5 5 5 5 9 9 
res=1
p[]: 5 5 5 5 9 4 5 
____________________
res=1
p[]: 4 5 5 5 5 5 9 
res=2
p[]: 4 5 5 5 5 5 4 5 
____________________
res=2
p[]: 4 4 5 5 5 5 5 5 
res=3
p[]: 4 4 5 5 5 5 5 2 3 
____________________
res=3
p[]: 2 3 4 4 5 5 5 5 5 
res=4
p[]: 2 3 4 4 5 5 5 5 2 3 
____________________
res=4
p[]: 2 2 3 3 4 4 5 5 5 5 
res=5
p[]: 2 2 3 3 4 4 5 5 5 2 3 
____________________
res=5
p[]: 2 2 2 3 3 3 4 4 5 5 5 
res=6
p[]: 2 2 2 3 3 3 4 4 5 5 2 3 
____________________
res=6
p[]: 2 2 2 2 3 3 3 3 4 4 5 5 
res=7
p[]: 2 2 2 2 3 3 3 3 4 4 5 2 3 
____________________
res=7
p[]: 2 2 2 2 2 3 3 3 3 3 4 4 5 
res=8
p[]: 2 2 2 2 2 3 3 3 3 3 4 4 2 3 
____________________
res=8
p[]: 2 2 2 2 2 2 3 3 3 3 3 3 4 4 
res=9
p[]: 2 2 2 2 2 2 3 3 3 3 3 3 4 2 2 
____________________
res=9
p[]: 2 2 2 2 2 2 2 2 3 3 3 3 3 3 4 
res=10
p[]: 2 2 2 2 2 2 2 2 3 3 3 3 3 3 2 2 
____________________
res=10
p[]: 2 2 2 2 2 2 2 2 2 2 3 3 3 3 3 3 
Case #57: 13
____________________
res=0
p[]: 2 4 4 4 5 
res=1
p[]: 2 4 4 4 2 3 
____________________
res=1
p[]: 2 2 3 4 4 4 
res=2
p[]: 2 2 3 4 4 2 2 
____________________
res=2
p[]: 2 2 2 2 3 4 4 
res=3
p[]: 2 2 2 2 3 4 2 2 
____________________
res=3
p[]: 2 2 2 2 2 2 3 4 
res=4
p[]: 2 2 2 2 2 2 3 2 2 
____________________
res=4
p[]: 2 2 2 2 2 2 2 2 3 
Case #58: 7
____________________
res=0
p[]: 1 1 1 3 4 
res=1
p[]: 1 1 1 3 2 2 
____________________
res=1
p[]: 1 1 1 2 2 3 
Case #59: 4
____________________
res=0
p[]: 1 
Case #60: 1
____________________
res=0
p[]: 9 9 
res=1
p[]: 9 4 5 
____________________
res=1
p[]: 4 5 9 
res=2
p[]: 4 5 4 5 
____________________
res=2
p[]: 4 4 5 5 
res=3
p[]: 4 4 5 2 3 
____________________
res=3
p[]: 2 3 4 4 5 
res=4
p[]: 2 3 4 4 2 3 
____________________
res=4
p[]: 2 2 3 3 4 4 
res=5
p[]: 2 2 3 3 4 2 2 
____________________
res=5
p[]: 2 2 2 2 3 3 4 
res=6
p[]: 2 2 2 2 3 3 2 2 
____________________
res=6
p[]: 2 2 2 2 2 2 3 3 
Case #61: 9
____________________
res=0
p[]: 1 1 5 5 9 9 
res=1
p[]: 1 1 5 5 9 4 5 
____________________
res=1
p[]: 1 1 4 5 5 5 9 
res=2
p[]: 1 1 4 5 5 5 4 5 
____________________
res=2
p[]: 1 1 4 4 5 5 5 5 
res=3
p[]: 1 1 4 4 5 5 5 2 3 
____________________
res=3
p[]: 1 1 2 3 4 4 5 5 5 
res=4
p[]: 1 1 2 3 4 4 5 5 2 3 
____________________
res=4
p[]: 1 1 2 2 3 3 4 4 5 5 
res=5
p[]: 1 1 2 2 3 3 4 4 5 2 3 
____________________
res=5
p[]: 1 1 2 2 2 3 3 3 4 4 5 
res=6
p[]: 1 1 2 2 2 3 3 3 4 4 2 3 
____________________
res=6
p[]: 1 1 2 2 2 2 3 3 3 3 4 4 
res=7
p[]: 1 1 2 2 2 2 3 3 3 3 4 2 2 
____________________
res=7
p[]: 1 1 2 2 2 2 2 2 3 3 3 3 4 
res=8
p[]: 1 1 2 2 2 2 2 2 3 3 3 3 2 2 
____________________
res=8
p[]: 1 1 2 2 2 2 2 2 2 2 3 3 3 3 
Case #62: 11
____________________
res=0
p[]: 1 2 3 4 4 
res=1
p[]: 1 2 3 4 2 2 
____________________
res=1
p[]: 1 2 2 2 3 4 
res=2
p[]: 1 2 2 2 3 2 2 
____________________
res=2
p[]: 1 2 2 2 2 2 3 
Case #63: 5
____________________
res=0
p[]: 2 3 3 9 9 9 
res=1
p[]: 2 3 3 9 9 4 5 
____________________
res=1
p[]: 2 3 3 4 5 9 9 
res=2
p[]: 2 3 3 4 5 9 4 5 
____________________
res=2
p[]: 2 3 3 4 4 5 5 9 
res=3
p[]: 2 3 3 4 4 5 5 4 5 
____________________
res=3
p[]: 2 3 3 4 4 4 5 5 5 
res=4
p[]: 2 3 3 4 4 4 5 5 2 3 
____________________
res=4
p[]: 2 2 3 3 3 4 4 4 5 5 
res=5
p[]: 2 2 3 3 3 4 4 4 5 2 3 
____________________
res=5
p[]: 2 2 2 3 3 3 3 4 4 4 5 
res=6
p[]: 2 2 2 3 3 3 3 4 4 4 2 3 
____________________
res=6
p[]: 2 2 2 2 3 3 3 3 3 4 4 4 
res=7
p[]: 2 2 2 2 3 3 3 3 3 4 4 2 2 
____________________
res=7
p[]: 2 2 2 2 2 2 3 3 3 3 3 4 4 
res=8
p[]: 2 2 2 2 2 2 3 3 3 3 3 4 2 2 
____________________
res=8
p[]: 2 2 2 2 2 2 2 2 3 3 3 3 3 4 
res=9
p[]: 2 2 2 2 2 2 2 2 3 3 3 3 3 2 2 
____________________
res=9
p[]: 2 2 2 2 2 2 2 2 2 2 3 3 3 3 3 
Case #64: 12
____________________
res=0
p[]: 4 8 
res=1
p[]: 4 4 4 
____________________
res=1
p[]: 4 4 4 
res=2
p[]: 4 4 2 2 
____________________
res=2
p[]: 2 2 4 4 
res=3
p[]: 2 2 4 2 2 
____________________
res=3
p[]: 2 2 2 2 4 
res=4
p[]: 2 2 2 2 2 2 
____________________
res=4
p[]: 2 2 2 2 2 2 
Case #65: 6
____________________
res=0
p[]: 2 4 4 4 5 
res=1
p[]: 2 4 4 4 2 3 
____________________
res=1
p[]: 2 2 3 4 4 4 
res=2
p[]: 2 2 3 4 4 2 2 
____________________
res=2
p[]: 2 2 2 2 3 4 4 
res=3
p[]: 2 2 2 2 3 4 2 2 
____________________
res=3
p[]: 2 2 2 2 2 2 3 4 
res=4
p[]: 2 2 2 2 2 2 3 2 2 
____________________
res=4
p[]: 2 2 2 2 2 2 2 2 3 
Case #66: 7
____________________
res=0
p[]: 1 8 8 
res=1
p[]: 1 8 4 4 
____________________
res=1
p[]: 1 4 4 8 
res=2
p[]: 1 4 4 4 4 
____________________
res=2
p[]: 1 4 4 4 4 
res=3
p[]: 1 4 4 4 2 2 
____________________
res=3
p[]: 1 2 2 4 4 4 
res=4
p[]: 1 2 2 4 4 2 2 
____________________
res=4
p[]: 1 2 2 2 2 4 4 
res=5
p[]: 1 2 2 2 2 4 2 2 
____________________
res=5
p[]: 1 2 2 2 2 2 2 4 
res=6
p[]: 1 2 2 2 2 2 2 2 2 
____________________
res=6
p[]: 1 2 2 2 2 2 2 2 2 
Case #67: 8
____________________
res=0
p[]: 2 3 5 
res=1
p[]: 2 3 2 3 
____________________
res=1
p[]: 2 2 3 3 
Case #68: 4
____________________
res=0
p[]: 2 5 8 
res=1
p[]: 2 5 4 4 
____________________
res=1
p[]: 2 4 4 5 
res=2
p[]: 2 4 4 2 3 
____________________
res=2
p[]: 2 2 3 4 4 
res=3
p[]: 2 2 3 4 2 2 
____________________
res=3
p[]: 2 2 2 2 3 4 
res=4
p[]: 2 2 2 2 3 2 2 
____________________
res=4
p[]: 2 2 2 2 2 2 3 
Case #69: 7
____________________
res=0
p[]: 1 7 7 
res=1
p[]: 1 7 3 4 
____________________
res=1
p[]: 1 3 4 7 
res=2
p[]: 1 3 4 3 4 
____________________
res=2
p[]: 1 3 3 4 4 
res=3
p[]: 1 3 3 4 2 2 
____________________
res=3
p[]: 1 2 2 3 3 4 
res=4
p[]: 1 2 2 3 3 2 2 
____________________
res=4
p[]: 1 2 2 2 2 3 3 
Case #70: 7
____________________
res=0
p[]: 3 6 7 7 9 
res=1
p[]: 3 6 7 7 4 5 
____________________
res=1
p[]: 3 4 5 6 7 7 
res=2
p[]: 3 4 5 6 7 3 4 
____________________
res=2
p[]: 3 3 4 4 5 6 7 
res=3
p[]: 3 3 4 4 5 6 3 4 
____________________
res=3
p[]: 3 3 3 4 4 4 5 6 
res=4
p[]: 3 3 3 4 4 4 5 3 3 
____________________
res=4
p[]: 3 3 3 3 3 4 4 4 5 
res=5
p[]: 3 3 3 3 3 4 4 4 2 3 
____________________
res=5
p[]: 2 3 3 3 3 3 3 4 4 4 
res=6
p[]: 2 3 3 3 3 3 3 4 4 2 2 
____________________
res=6
p[]: 2 2 2 3 3 3 3 3 3 4 4 
res=7
p[]: 2 2 2 3 3 3 3 3 3 4 2 2 
____________________
res=7
p[]: 2 2 2 2 2 3 3 3 3 3 3 4 
res=8
p[]: 2 2 2 2 2 3 3 3 3 3 3 2 2 
____________________
res=8
p[]: 2 2 2 2 2 2 2 3 3 3 3 3 3 
Case #71: 11
____________________
res=0
p[]: 3 5 7 
res=1
p[]: 3 5 3 4 
____________________
res=1
p[]: 3 3 4 5 
res=2
p[]: 3 3 4 2 3 
____________________
res=2
p[]: 2 3 3 3 4 
res=3
p[]: 2 3 3 3 2 2 
____________________
res=3
p[]: 2 2 2 3 3 3 
Case #72: 6
____________________
res=0
p[]: 2 5 8 
res=1
p[]: 2 5 4 4 
____________________
res=1
p[]: 2 4 4 5 
res=2
p[]: 2 4 4 2 3 
____________________
res=2
p[]: 2 2 3 4 4 
res=3
p[]: 2 2 3 4 2 2 
____________________
res=3
p[]: 2 2 2 2 3 4 
res=4
p[]: 2 2 2 2 3 2 2 
____________________
res=4
p[]: 2 2 2 2 2 2 3 
Case #73: 7
____________________
res=0
p[]: 2 3 8 
res=1
p[]: 2 3 4 4 
____________________
res=1
p[]: 2 3 4 4 
res=2
p[]: 2 3 4 2 2 
____________________
res=2
p[]: 2 2 2 3 4 
res=3
p[]: 2 2 2 3 2 2 
____________________
res=3
p[]: 2 2 2 2 2 3 
Case #74: 6
____________________
res=0
p[]: 1 2 3 4 
res=1
p[]: 1 2 3 2 2 
____________________
res=1
p[]: 1 2 2 2 3 
Case #75: 4
____________________
res=0
p[]: 5 
res=1
p[]: 2 3 
____________________
res=1
p[]: 2 3 
Case #76: 4
____________________
res=0
p[]: 4 7 8 8 
res=1
p[]: 4 7 8 4 4 
____________________
res=1
p[]: 4 4 4 7 8 
res=2
p[]: 4 4 4 7 4 4 
____________________
res=2
p[]: 4 4 4 4 4 7 
res=3
p[]: 4 4 4 4 4 3 4 
____________________
res=3
p[]: 3 4 4 4 4 4 4 
res=4
p[]: 3 4 4 4 4 4 2 2 
____________________
res=4
p[]: 2 2 3 4 4 4 4 4 
res=5
p[]: 2 2 3 4 4 4 4 2 2 
____________________
res=5
p[]: 2 2 2 2 3 4 4 4 4 
res=6
p[]: 2 2 2 2 3 4 4 4 2 2 
____________________
res=6
p[]: 2 2 2 2 2 2 3 4 4 4 
res=7
p[]: 2 2 2 2 2 2 3 4 4 2 2 
____________________
res=7
p[]: 2 2 2 2 2 2 2 2 3 4 4 
res=8
p[]: 2 2 2 2 2 2 2 2 3 4 2 2 
____________________
res=8
p[]: 2 2 2 2 2 2 2 2 2 2 3 4 
res=9
p[]: 2 2 2 2 2 2 2 2 2 2 3 2 2 
____________________
res=9
p[]: 2 2 2 2 2 2 2 2 2 2 2 2 3 
Case #77: 12
____________________
res=0
p[]: 2 7 8 
res=1
p[]: 2 7 4 4 
____________________
res=1
p[]: 2 4 4 7 
res=2
p[]: 2 4 4 3 4 
____________________
res=2
p[]: 2 3 4 4 4 
res=3
p[]: 2 3 4 4 2 2 
____________________
res=3
p[]: 2 2 2 3 4 4 
res=4
p[]: 2 2 2 3 4 2 2 
____________________
res=4
p[]: 2 2 2 2 2 3 4 
res=5
p[]: 2 2 2 2 2 3 2 2 
____________________
res=5
p[]: 2 2 2 2 2 2 2 3 
Case #78: 8
____________________
res=0
p[]: 3 3 6 9 
res=1
p[]: 3 3 6 4 5 
____________________
res=1
p[]: 3 3 4 5 6 
res=2
p[]: 3 3 4 5 3 3 
____________________
res=2
p[]: 3 3 3 3 4 5 
res=3
p[]: 3 3 3 3 4 2 3 
____________________
res=3
p[]: 2 3 3 3 3 3 4 
res=4
p[]: 2 3 3 3 3 3 2 2 
____________________
res=4
p[]: 2 2 2 3 3 3 3 3 
Case #79: 7
____________________
res=0
p[]: 8 
res=1
p[]: 4 4 
____________________
res=1
p[]: 4 4 
res=2
p[]: 4 2 2 
____________________
res=2
p[]: 2 2 4 
res=3
p[]: 2 2 2 2 
____________________
res=3
p[]: 2 2 2 2 
Case #80: 5
____________________
res=0
p[]: 5 6 6 6 9 9 
res=1
p[]: 5 6 6 6 9 4 5 
____________________
res=1
p[]: 4 5 5 6 6 6 9 
res=2
p[]: 4 5 5 6 6 6 4 5 
____________________
res=2
p[]: 4 4 5 5 5 6 6 6 
res=3
p[]: 4 4 5 5 5 6 6 3 3 
____________________
res=3
p[]: 3 3 4 4 5 5 5 6 6 
res=4
p[]: 3 3 4 4 5 5 5 6 3 3 
____________________
res=4
p[]: 3 3 3 3 4 4 5 5 5 6 
res=5
p[]: 3 3 3 3 4 4 5 5 5 3 3 
____________________
res=5
p[]: 3 3 3 3 3 3 4 4 5 5 5 
res=6
p[]: 3 3 3 3 3 3 4 4 5 5 2 3 
____________________
res=6
p[]: 2 3 3 3 3 3 3 3 4 4 5 5 
res=7
p[]: 2 3 3 3 3 3 3 3 4 4 5 2 3 
____________________
res=7
p[]: 2 2 3 3 3 3 3 3 3 3 4 4 5 
res=8
p[]: 2 2 3 3 3 3 3 3 3 3 4 4 2 3 
____________________
res=8
p[]: 2 2 2 3 3 3 3 3 3 3 3 3 4 4 
res=9
p[]: 2 2 2 3 3 3 3 3 3 3 3 3 4 2 2 
____________________
res=9
p[]: 2 2 2 2 2 3 3 3 3 3 3 3 3 3 4 
res=10
p[]: 2 2 2 2 2 3 3 3 3 3 3 3 3 3 2 2 
____________________
res=10
p[]: 2 2 2 2 2 2 2 3 3 3 3 3 3 3 3 3 
Case #81: 13
____________________
res=0
p[]: 9 9 9 9 9 
res=1
p[]: 9 9 9 9 4 5 
____________________
res=1
p[]: 4 5 9 9 9 9 
res=2
p[]: 4 5 9 9 9 4 5 
____________________
res=2
p[]: 4 4 5 5 9 9 9 
res=3
p[]: 4 4 5 5 9 9 4 5 
____________________
res=3
p[]: 4 4 4 5 5 5 9 9 
res=4
p[]: 4 4 4 5 5 5 9 4 5 
____________________
res=4
p[]: 4 4 4 4 5 5 5 5 9 
res=5
p[]: 4 4 4 4 5 5 5 5 4 5 
____________________
res=5
p[]: 4 4 4 4 4 5 5 5 5 5 
res=6
p[]: 4 4 4 4 4 5 5 5 5 2 3 
____________________
res=6
p[]: 2 3 4 4 4 4 4 5 5 5 5 
res=7
p[]: 2 3 4 4 4 4 4 5 5 5 2 3 
____________________
res=7
p[]: 2 2 3 3 4 4 4 4 4 5 5 5 
res=8
p[]: 2 2 3 3 4 4 4 4 4 5 5 2 3 
____________________
res=8
p[]: 2 2 2 3 3 3 4 4 4 4 4 5 5 
res=9
p[]: 2 2 2 3 3 3 4 4 4 4 4 5 2 3 
____________________
res=9
p[]: 2 2 2 2 3 3 3 3 4 4 4 4 4 5 
res=10
p[]: 2 2 2 2 3 3 3 3 4 4 4 4 4 2 3 
____________________
res=10
p[]: 2 2 2 2 2 3 3 3 3 3 4 4 4 4 4 
res=11
p[]: 2 2 2 2 2 3 3 3 3 3 4 4 4 4 2 2 
____________________
res=11
p[]: 2 2 2 2 2 2 2 3 3 3 3 3 4 4 4 4 
res=12
p[]: 2 2 2 2 2 2 2 3 3 3 3 3 4 4 4 2 2 
____________________
res=12
p[]: 2 2 2 2 2 2 2 2 2 3 3 3 3 3 4 4 4 
res=13
p[]: 2 2 2 2 2 2 2 2 2 3 3 3 3 3 4 4 2 2 
____________________
res=13
p[]: 2 2 2 2 2 2 2 2 2 2 2 3 3 3 3 3 4 4 
res=14
p[]: 2 2 2 2 2 2 2 2 2 2 2 3 3 3 3 3 4 2 2 
____________________
res=14
p[]: 2 2 2 2 2 2 2 2 2 2 2 2 2 3 3 3 3 3 4 
res=15
p[]: 2 2 2 2 2 2 2 2 2 2 2 2 2 3 3 3 3 3 2 2 
____________________
res=15
p[]: 2 2 2 2 2 2 2 2 2 2 2 2 2 2 2 3 3 3 3 3 
Case #82: 18
____________________
res=0
p[]: 1 2 3 
Case #83: 3
____________________
res=0
p[]: 7 
res=1
p[]: 3 4 
____________________
res=1
p[]: 3 4 
res=2
p[]: 3 2 2 
____________________
res=2
p[]: 2 2 3 
Case #84: 5
____________________
res=0
p[]: 4 9 
res=1
p[]: 4 4 5 
____________________
res=1
p[]: 4 4 5 
res=2
p[]: 4 4 2 3 
____________________
res=2
p[]: 2 3 4 4 
res=3
p[]: 2 3 4 2 2 
____________________
res=3
p[]: 2 2 2 3 4 
res=4
p[]: 2 2 2 3 2 2 
____________________
res=4
p[]: 2 2 2 2 2 3 
Case #85: 7
____________________
res=0
p[]: 2 5 8 8 
res=1
p[]: 2 5 8 4 4 
____________________
res=1
p[]: 2 4 4 5 8 
res=2
p[]: 2 4 4 5 4 4 
____________________
res=2
p[]: 2 4 4 4 4 5 
res=3
p[]: 2 4 4 4 4 2 3 
____________________
res=3
p[]: 2 2 3 4 4 4 4 
res=4
p[]: 2 2 3 4 4 4 2 2 
____________________
res=4
p[]: 2 2 2 2 3 4 4 4 
res=5
p[]: 2 2 2 2 3 4 4 2 2 
____________________
res=5
p[]: 2 2 2 2 2 2 3 4 4 
res=6
p[]: 2 2 2 2 2 2 3 4 2 2 
____________________
res=6
p[]: 2 2 2 2 2 2 2 2 3 4 
res=7
p[]: 2 2 2 2 2 2 2 2 3 2 2 
____________________
res=7
p[]: 2 2 2 2 2 2 2 2 2 2 3 
Case #86: 10
____________________
res=0
p[]: 6 
res=1
p[]: 3 3 
____________________
res=1
p[]: 3 3 
Case #87: 4
____________________
res=0
p[]: 6 6 6 6 9 9 
res=1
p[]: 6 6 6 6 9 4 5 
____________________
res=1
p[]: 4 5 6 6 6 6 9 
res=2
p[]: 4 5 6 6 6 6 4 5 
____________________
res=2
p[]: 4 4 5 5 6 6 6 6 
res=3
p[]: 4 4 5 5 6 6 6 3 3 
____________________
res=3
p[]: 3 3 4 4 5 5 6 6 6 
res=4
p[]: 3 3 4 4 5 5 6 6 3 3 
____________________
res=4
p[]: 3 3 3 3 4 4 5 5 6 6 
res=5
p[]: 3 3 3 3 4 4 5 5 6 3 3 
____________________
res=5
p[]: 3 3 3 3 3 3 4 4 5 5 6 
res=6
p[]: 3 3 3 3 3 3 4 4 5 5 3 3 
____________________
res=6
p[]: 3 3 3 3 3 3 3 3 4 4 5 5 
res=7
p[]: 3 3 3 3 3 3 3 3 4 4 5 2 3 
____________________
res=7
p[]: 2 3 3 3 3 3 3 3 3 3 4 4 5 
res=8
p[]: 2 3 3 3 3 3 3 3 3 3 4 4 2 3 
____________________
res=8
p[]: 2 2 3 3 3 3 3 3 3 3 3 3 4 4 
res=9
p[]: 2 2 3 3 3 3 3 3 3 3 3 3 4 2 2 
____________________
res=9
p[]: 2 2 2 2 3 3 3 3 3 3 3 3 3 3 4 
res=10
p[]: 2 2 2 2 3 3 3 3 3 3 3 3 3 3 2 2 
____________________
res=10
p[]: 2 2 2 2 2 2 3 3 3 3 3 3 3 3 3 3 
Case #88: 13
____________________
res=0
p[]: 1 2 3 4 5 6 
res=1
p[]: 1 2 3 4 5 3 3 
____________________
res=1
p[]: 1 2 3 3 3 4 5 
res=2
p[]: 1 2 3 3 3 4 2 3 
____________________
res=2
p[]: 1 2 2 3 3 3 3 4 
res=3
p[]: 1 2 2 3 3 3 3 2 2 
____________________
res=3
p[]: 1 2 2 2 2 3 3 3 3 
Case #89: 6
____________________
res=0
p[]: 4 6 8 
res=1
p[]: 4 6 4 4 
____________________
res=1
p[]: 4 4 4 6 
res=2
p[]: 4 4 4 3 3 
____________________
res=2
p[]: 3 3 4 4 4 
res=3
p[]: 3 3 4 4 2 2 
____________________
res=3
p[]: 2 2 3 3 4 4 
res=4
p[]: 2 2 3 3 4 2 2 
____________________
res=4
p[]: 2 2 2 2 3 3 4 
res=5
p[]: 2 2 2 2 3 3 2 2 
____________________
res=5
p[]: 2 2 2 2 2 2 3 3 
Case #90: 8
____________________
res=0
p[]: 1 2 3 4 5 
res=1
p[]: 1 2 3 4 2 3 
____________________
res=1
p[]: 1 2 2 3 3 4 
res=2
p[]: 1 2 2 3 3 2 2 
____________________
res=2
p[]: 1 2 2 2 2 3 3 
Case #91: 5
____________________
res=0
p[]: 7 9 
res=1
p[]: 7 4 5 
____________________
res=1
p[]: 4 5 7 
res=2
p[]: 4 5 3 4 
____________________
res=2
p[]: 3 4 4 5 
res=3
p[]: 3 4 4 2 3 
____________________
res=3
p[]: 2 3 3 4 4 
res=4
p[]: 2 3 3 4 2 2 
____________________
res=4
p[]: 2 2 2 3 3 4 
res=5
p[]: 2 2 2 3 3 2 2 
____________________
res=5
p[]: 2 2 2 2 2 3 3 
Case #92: 8
____________________
res=0
p[]: 1 1 9 
res=1
p[]: 1 1 4 5 
____________________
res=1
p[]: 1 1 4 5 
res=2
p[]: 1 1 4 2 3 
____________________
res=2
p[]: 1 1 2 3 4 
res=3
p[]: 1 1 2 3 2 2 
____________________
res=3
p[]: 1 1 2 2 2 3 
Case #93: 6
____________________
res=0
p[]: 3 3 5 5 9 9 
res=1
p[]: 3 3 5 5 9 4 5 
____________________
res=1
p[]: 3 3 4 5 5 5 9 
res=2
p[]: 3 3 4 5 5 5 4 5 
____________________
res=2
p[]: 3 3 4 4 5 5 5 5 
res=3
p[]: 3 3 4 4 5 5 5 2 3 
____________________
res=3
p[]: 2 3 3 3 4 4 5 5 5 
res=4
p[]: 2 3 3 3 4 4 5 5 2 3 
____________________
res=4
p[]: 2 2 3 3 3 3 4 4 5 5 
res=5
p[]: 2 2 3 3 3 3 4 4 5 2 3 
____________________
res=5
p[]: 2 2 2 3 3 3 3 3 4 4 5 
res=6
p[]: 2 2 2 3 3 3 3 3 4 4 2 3 
____________________
res=6
p[]: 2 2 2 2 3 3 3 3 3 3 4 4 
res=7
p[]: 2 2 2 2 3 3 3 3 3 3 4 2 2 
____________________
res=7
p[]: 2 2 2 2 2 2 3 3 3 3 3 3 4 
res=8
p[]: 2 2 2 2 2 2 3 3 3 3 3 3 2 2 
____________________
res=8
p[]: 2 2 2 2 2 2 2 2 3 3 3 3 3 3 
Case #94: 11
____________________
res=0
p[]: 4 6 8 8 
res=1
p[]: 4 6 8 4 4 
____________________
res=1
p[]: 4 4 4 6 8 
res=2
p[]: 4 4 4 6 4 4 
____________________
res=2
p[]: 4 4 4 4 4 6 
res=3
p[]: 4 4 4 4 4 3 3 
____________________
res=3
p[]: 3 3 4 4 4 4 4 
res=4
p[]: 3 3 4 4 4 4 2 2 
____________________
res=4
p[]: 2 2 3 3 4 4 4 4 
res=5
p[]: 2 2 3 3 4 4 4 2 2 
____________________
res=5
p[]: 2 2 2 2 3 3 4 4 4 
res=6
p[]: 2 2 2 2 3 3 4 4 2 2 
____________________
res=6
p[]: 2 2 2 2 2 2 3 3 4 4 
res=7
p[]: 2 2 2 2 2 2 3 3 4 2 2 
____________________
res=7
p[]: 2 2 2 2 2 2 2 2 3 3 4 
res=8
p[]: 2 2 2 2 2 2 2 2 3 3 2 2 
____________________
res=8
p[]: 2 2 2 2 2 2 2 2 2 2 3 3 
Case #95: 11
____________________
res=0
p[]: 2 5 8 
res=1
p[]: 2 5 4 4 
____________________
res=1
p[]: 2 4 4 5 
res=2
p[]: 2 4 4 2 3 
____________________
res=2
p[]: 2 2 3 4 4 
res=3
p[]: 2 2 3 4 2 2 
____________________
res=3
p[]: 2 2 2 2 3 4 
res=4
p[]: 2 2 2 2 3 2 2 
____________________
res=4
p[]: 2 2 2 2 2 2 3 
Case #96: 7
____________________
res=0
p[]: 9 9 9 9 
res=1
p[]: 9 9 9 4 5 
____________________
res=1
p[]: 4 5 9 9 9 
res=2
p[]: 4 5 9 9 4 5 
____________________
res=2
p[]: 4 4 5 5 9 9 
res=3
p[]: 4 4 5 5 9 4 5 
____________________
res=3
p[]: 4 4 4 5 5 5 9 
res=4
p[]: 4 4 4 5 5 5 4 5 
____________________
res=4
p[]: 4 4 4 4 5 5 5 5 
res=5
p[]: 4 4 4 4 5 5 5 2 3 
____________________
res=5
p[]: 2 3 4 4 4 4 5 5 5 
res=6
p[]: 2 3 4 4 4 4 5 5 2 3 
____________________
res=6
p[]: 2 2 3 3 4 4 4 4 5 5 
res=7
p[]: 2 2 3 3 4 4 4 4 5 2 3 
____________________
res=7
p[]: 2 2 2 3 3 3 4 4 4 4 5 
res=8
p[]: 2 2 2 3 3 3 4 4 4 4 2 3 
____________________
res=8
p[]: 2 2 2 2 3 3 3 3 4 4 4 4 
res=9
p[]: 2 2 2 2 3 3 3 3 4 4 4 2 2 
____________________
res=9
p[]: 2 2 2 2 2 2 3 3 3 3 4 4 4 
res=10
p[]: 2 2 2 2 2 2 3 3 3 3 4 4 2 2 
____________________
res=10
p[]: 2 2 2 2 2 2 2 2 3 3 3 3 4 4 
res=11
p[]: 2 2 2 2 2 2 2 2 3 3 3 3 4 2 2 
____________________
res=11
p[]: 2 2 2 2 2 2 2 2 2 2 3 3 3 3 4 
res=12
p[]: 2 2 2 2 2 2 2 2 2 2 3 3 3 3 2 2 
____________________
res=12
p[]: 2 2 2 2 2 2 2 2 2 2 2 2 3 3 3 3 
Case #97: 15
____________________
res=0
p[]: 2 4 7 9 
res=1
p[]: 2 4 7 4 5 
____________________
res=1
p[]: 2 4 4 5 7 
res=2
p[]: 2 4 4 5 3 4 
____________________
res=2
p[]: 2 3 4 4 4 5 
res=3
p[]: 2 3 4 4 4 2 3 
____________________
res=3
p[]: 2 2 3 3 4 4 4 
res=4
p[]: 2 2 3 3 4 4 2 2 
____________________
res=4
p[]: 2 2 2 2 3 3 4 4 
res=5
p[]: 2 2 2 2 3 3 4 2 2 
____________________
res=5
p[]: 2 2 2 2 2 2 3 3 4 
res=6
p[]: 2 2 2 2 2 2 3 3 2 2 
____________________
res=6
p[]: 2 2 2 2 2 2 2 2 3 3 
Case #98: 9
____________________
res=0
p[]: 8 8 8 8 
res=1
p[]: 8 8 8 4 4 
____________________
res=1
p[]: 4 4 8 8 8 
res=2
p[]: 4 4 8 8 4 4 
____________________
res=2
p[]: 4 4 4 4 8 8 
res=3
p[]: 4 4 4 4 8 4 4 
____________________
res=3
p[]: 4 4 4 4 4 4 8 
res=4
p[]: 4 4 4 4 4 4 4 4 
____________________
res=4
p[]: 4 4 4 4 4 4 4 4 
res=5
p[]: 4 4 4 4 4 4 4 2 2 
____________________
res=5
p[]: 2 2 4 4 4 4 4 4 4 
res=6
p[]: 2 2 4 4 4 4 4 4 2 2 
____________________
res=6
p[]: 2 2 2 2 4 4 4 4 4 4 
res=7
p[]: 2 2 2 2 4 4 4 4 4 2 2 
____________________
res=7
p[]: 2 2 2 2 2 2 4 4 4 4 4 
res=8
p[]: 2 2 2 2 2 2 4 4 4 4 2 2 
____________________
res=8
p[]: 2 2 2 2 2 2 2 2 4 4 4 4 
res=9
p[]: 2 2 2 2 2 2 2 2 4 4 4 2 2 
____________________
res=9
p[]: 2 2 2 2 2 2 2 2 2 2 4 4 4 
res=10
p[]: 2 2 2 2 2 2 2 2 2 2 4 4 2 2 
____________________
res=10
p[]: 2 2 2 2 2 2 2 2 2 2 2 2 4 4 
res=11
p[]: 2 2 2 2 2 2 2 2 2 2 2 2 4 2 2 
____________________
res=11
p[]: 2 2 2 2 2 2 2 2 2 2 2 2 2 2 4 
res=12
p[]: 2 2 2 2 2 2 2 2 2 2 2 2 2 2 2 2 
____________________
res=12
p[]: 2 2 2 2 2 2 2 2 2 2 2 2 2 2 2 2 
Case #99: 14
____________________
res=0
p[]: 1 1 3 3 5 
res=1
p[]: 1 1 3 3 2 3 
____________________
res=1
p[]: 1 1 2 3 3 3 
Case #100: 4
